# JRE version: OpenJDK Runtime Environment Temurin-21.0.9+10 (21.0.9+10) (build 21.0.9+10-LTS)
# Java VM: OpenJDK 64-Bit Server VM Temurin-21.0.9+10 (21.0.9+10-LTS, mixed mode, sharing, tiered, compressed oops, compressed class ptrs, parallel gc, windows-amd64)
GC Precious Log:
 CardTable entry size: 512
 CPUs: 8 total, 8 available
 Memory: 3899M
 Large Page Support: Disabled
 NUMA Support: Disabled
 Compressed Oops: Enabled (32-bit)
 Alignments: Space 512K, Generation 512K, Heap 2M
 Heap Min Capacity: 100M
 Heap Initial Capacity: 100M
 Heap Max Capacity: 2G
 Pre-touch: Disabled
 Parallel Workers: 8
Heap:
 PSYoungGen      total 24064K, used 5238K [0x00000000d5580000, 0x00000000d7280000, 0x0000000100000000)
  eden space 19456K, 4% used [0x00000000d5580000,0x00000000d564b9a0,0x00000000d6880000)
  from space 4608K, 96% used [0x00000000d6880000,0x00000000d6cd1f30,0x00000000d6d00000)
  to   space 5120K, 0% used [0x00000000d6d80000,0x00000000d6d80000,0x00000000d7280000)
 ParOldGen       total 1181696K, used 1181270K [0x0000000080000000, 0x00000000c8200000, 0x00000000d5580000)
  object space 1181696K, 99% used [0x0000000080000000,0x00000000c8195840,0x00000000c8200000)
 Metaspace       used 106102K, committed 107840K, reserved 1179648K
  class space    used 10591K, committed 11392K, reserved 1048576K
GC Heap History (20 events):
Event: 344242.262 GC heap before
{Heap before GC invocations=5263 (full 11):
 PSYoungGen      total 21504K, used 21408K [0x00000000d5580000, 0x00000000d6e80000, 0x0000000100000000)
  eden space 20992K, 100% used [0x00000000d5580000,0x00000000d6a00000,0x00000000d6a00000)
  from space 512K, 81% used [0x00000000d6a00000,0x00000000d6a68040,0x00000000d6a80000)
  to   space 2048K, 0% used [0x00000000d6c80000,0x00000000d6c80000,0x00000000d6e80000)
 ParOldGen       total 1176064K, used 1175907K [0x0000000080000000, 0x00000000c7c80000, 0x00000000d5580000)
  object space 1176064K, 99% used [0x0000000080000000,0x00000000c7c58d90,0x00000000c7c80000)
 Metaspace       used 106089K, committed 107840K, reserved 1179648K
  class space    used 10590K, committed 11392K, reserved 1048576K
}
Event: 344242.392 GC heap after
{Heap after GC invocations=5263 (full 11):
 PSYoungGen      total 22016K, used 948K [0x00000000d5580000, 0x00000000d6d80000, 0x0000000100000000)
  eden space 20992K, 0% used [0x00000000d5580000,0x00000000d5580000,0x00000000d6a00000)
  from space 1024K, 92% used [0x00000000d6c80000,0x00000000d6d6d260,0x00000000d6d80000)
  to   space 1536K, 0% used [0x00000000d6a80000,0x00000000d6a80000,0x00000000d6c00000)
 ParOldGen       total 1176064K, used 1175907K [0x0000000080000000, 0x00000000c7c80000, 0x00000000d5580000)
  object space 1176064K, 99% used [0x0000000080000000,0x00000000c7c58d90,0x00000000c7c80000)
 Metaspace       used 106089K, committed 107840K, reserved 1179648K
  class space    used 10590K, committed 11392K, reserved 1048576K
}
Event: 344246.850 GC heap before
{Heap before GC invocations=5264 (full 11):
 PSYoungGen      total 22016K, used 21940K [0x00000000d5580000, 0x00000000d6d80000, 0x0000000100000000)
  eden space 20992K, 100% used [0x00000000d5580000,0x00000000d6a00000,0x00000000d6a00000)
  from space 1024K, 92% used [0x00000000d6c80000,0x00000000d6d6d260,0x00000000d6d80000)
  to   space 1536K, 0% used [0x00000000d6a80000,0x00000000d6a80000,0x00000000d6c00000)
 ParOldGen       total 1176064K, used 1175907K [0x0000000080000000, 0x00000000c7c80000, 0x00000000d5580000)
  object space 1176064K, 99% used [0x0000000080000000,0x00000000c7c58d90,0x00000000c7c80000)
 Metaspace       used 106089K, committed 107840K, reserved 1179648K
  class space    used 10590K, committed 11392K, reserved 1048576K
}
Event: 344246.867 GC heap after
{Heap after GC invocations=5264 (full 11):
 PSYoungGen      total 22528K, used 1508K [0x00000000d5580000, 0x00000000d6f00000, 0x0000000100000000)
  eden space 20992K, 0% used [0x00000000d5580000,0x00000000d5580000,0x00000000d6a00000)
  from space 1536K, 98% used [0x00000000d6a80000,0x00000000d6bf9270,0x00000000d6c00000)
  to   space 2560K, 0% used [0x00000000d6c80000,0x00000000d6c80000,0x00000000d6f00000)
 ParOldGen       total 1177088K, used 1176655K [0x0000000080000000, 0x00000000c7d80000, 0x00000000d5580000)
  object space 1177088K, 99% used [0x0000000080000000,0x00000000c7d13ca8,0x00000000c7d80000)
 Metaspace       used 106089K, committed 107840K, reserved 1179648K
  class space    used 10590K, committed 11392K, reserved 1048576K
}
Event: 344779.405 GC heap before
{Heap before GC invocations=5265 (full 11):
 PSYoungGen      total 22528K, used 22500K [0x00000000d5580000, 0x00000000d6f00000, 0x0000000100000000)
  eden space 20992K, 99% used [0x00000000d5580000,0x00000000d69ffef0,0x00000000d6a00000)
  from space 1536K, 98% used [0x00000000d6a80000,0x00000000d6bf9270,0x00000000d6c00000)
  to   space 2560K, 0% used [0x00000000d6c80000,0x00000000d6c80000,0x00000000d6f00000)
 ParOldGen       total 1177088K, used 1176655K [0x0000000080000000, 0x00000000c7d80000, 0x00000000d5580000)
  object space 1177088K, 99% used [0x0000000080000000,0x00000000c7d13ca8,0x00000000c7d80000)
 Metaspace       used 106092K, committed 107840K, reserved 1179648K
  class space    used 10590K, committed 11392K, reserved 1048576K
}
Event: 344779.855 GC heap after
{Heap after GC invocations=5265 (full 11):
 PSYoungGen      total 23040K, used 1770K [0x00000000d5580000, 0x00000000d6e80000, 0x0000000100000000)
  eden space 20992K, 0% used [0x00000000d5580000,0x00000000d5580000,0x00000000d6a00000)
  from space 2048K, 86% used [0x00000000d6c80000,0x00000000d6e3a930,0x00000000d6e80000)
  to   space 2048K, 0% used [0x00000000d6a80000,0x00000000d6a80000,0x00000000d6c80000)
 ParOldGen       total 1177088K, used 1176847K [0x0000000080000000, 0x00000000c7d80000, 0x00000000d5580000)
  object space 1177088K, 99% used [0x0000000080000000,0x00000000c7d43ce8,0x00000000c7d80000)
 Metaspace       used 106092K, committed 107840K, reserved 1179648K
  class space    used 10590K, committed 11392K, reserved 1048576K
}
Event: 344786.238 GC heap before
{Heap before GC invocations=5266 (full 11):
 PSYoungGen      total 23040K, used 22762K [0x00000000d5580000, 0x00000000d6e80000, 0x0000000100000000)
  eden space 20992K, 99% used [0x00000000d5580000,0x00000000d69ffff0,0x00000000d6a00000)
  from space 2048K, 86% used [0x00000000d6c80000,0x00000000d6e3a930,0x00000000d6e80000)
  to   space 2048K, 0% used [0x00000000d6a80000,0x00000000d6a80000,0x00000000d6c80000)
 ParOldGen       total 1177088K, used 1176847K [0x0000000080000000, 0x00000000c7d80000, 0x00000000d5580000)
  object space 1177088K, 99% used [0x0000000080000000,0x00000000c7d43ce8,0x00000000c7d80000)
 Metaspace       used 106092K, committed 107840K, reserved 1179648K
  class space    used 10590K, committed 11392K, reserved 1048576K
}
Event: 344786.249 GC heap after
{Heap after GC invocations=5266 (full 11):
 PSYoungGen      total 23040K, used 2042K [0x00000000d5580000, 0x00000000d7200000, 0x0000000100000000)
  eden space 20992K, 0% used [0x00000000d5580000,0x00000000d5580000,0x00000000d6a00000)
  from space 2048K, 99% used [0x00000000d6a80000,0x00000000d6c7e960,0x00000000d6c80000)
  to   space 4096K, 0% used [0x00000000d6e00000,0x00000000d6e00000,0x00000000d7200000)
 ParOldGen       total 1178624K, used 1178294K [0x0000000080000000, 0x00000000c7f00000, 0x00000000d5580000)
  object space 1178624K, 99% used [0x0000000080000000,0x00000000c7eada40,0x00000000c7f00000)
 Metaspace       used 106092K, committed 107840K, reserved 1179648K
  class space    used 10590K, committed 11392K, reserved 1048576K
}
Event: 344787.021 GC heap before
{Heap before GC invocations=5267 (full 11):
 PSYoungGen      total 23040K, used 23034K [0x00000000d5580000, 0x00000000d7200000, 0x0000000100000000)
  eden space 20992K, 100% used [0x00000000d5580000,0x00000000d6a00000,0x00000000d6a00000)
  from space 2048K, 99% used [0x00000000d6a80000,0x00000000d6c7e960,0x00000000d6c80000)
  to   space 4096K, 0% used [0x00000000d6e00000,0x00000000d6e00000,0x00000000d7200000)
 ParOldGen       total 1178624K, used 1178294K [0x0000000080000000, 0x00000000c7f00000, 0x00000000d5580000)
  object space 1178624K, 99% used [0x0000000080000000,0x00000000c7eada40,0x00000000c7f00000)
 Metaspace       used 106092K, committed 107840K, reserved 1179648K
  class space    used 10590K, committed 11392K, reserved 1048576K
}
Event: 344787.036 GC heap after
{Heap after GC invocations=5267 (full 11):
 PSYoungGen      total 25088K, used 3782K [0x00000000d5580000, 0x00000000d7200000, 0x0000000100000000)
  eden space 20992K, 0% used [0x00000000d5580000,0x00000000d5580000,0x00000000d6a00000)
  from space 4096K, 92% used [0x00000000d6e00000,0x00000000d71b1aa8,0x00000000d7200000)
  to   space 4096K, 0% used [0x00000000d6a00000,0x00000000d6a00000,0x00000000d6e00000)
 ParOldGen       total 1179136K, used 1178647K [0x0000000080000000, 0x00000000c7f80000, 0x00000000d5580000)
  object space 1179136K, 99% used [0x0000000080000000,0x00000000c7f05e18,0x00000000c7f80000)
 Metaspace       used 106092K, committed 107840K, reserved 1179648K
  class space    used 10590K, committed 11392K, reserved 1048576K
}
Event: 344797.934 GC heap before
{Heap before GC invocations=5268 (full 11):
 PSYoungGen      total 25088K, used 24774K [0x00000000d5580000, 0x00000000d7200000, 0x0000000100000000)
  eden space 20992K, 100% used [0x00000000d5580000,0x00000000d6a00000,0x00000000d6a00000)
  from space 4096K, 92% used [0x00000000d6e00000,0x00000000d71b1aa8,0x00000000d7200000)
  to   space 4096K, 0% used [0x00000000d6a00000,0x00000000d6a00000,0x00000000d6e00000)
 ParOldGen       total 1179136K, used 1178647K [0x0000000080000000, 0x00000000c7f80000, 0x00000000d5580000)
  object space 1179136K, 99% used [0x0000000080000000,0x00000000c7f05e18,0x00000000c7f80000)
 Metaspace       used 106092K, committed 107840K, reserved 1179648K
  class space    used 10590K, committed 11392K, reserved 1048576K
}
Event: 344797.956 GC heap after
{Heap after GC invocations=5268 (full 11):
 PSYoungGen      total 25088K, used 4085K [0x00000000d5580000, 0x00000000d7300000, 0x0000000100000000)
  eden space 20992K, 0% used [0x00000000d5580000,0x00000000d5580000,0x00000000d6a00000)
  from space 4096K, 99% used [0x00000000d6a00000,0x00000000d6dfd488,0x00000000d6e00000)
  to   space 4608K, 0% used [0x00000000d6e80000,0x00000000d6e80000,0x00000000d7300000)
 ParOldGen       total 1179136K, used 1178655K [0x0000000080000000, 0x00000000c7f80000, 0x00000000d5580000)
  object space 1179136K, 99% used [0x0000000080000000,0x00000000c7f07e18,0x00000000c7f80000)
 Metaspace       used 106092K, committed 107840K, reserved 1179648K
  class space    used 10590K, committed 11392K, reserved 1048576K
}
Event: 344812.159 GC heap before
{Heap before GC invocations=5269 (full 11):
 PSYoungGen      total 25088K, used 25077K [0x00000000d5580000, 0x00000000d7300000, 0x0000000100000000)
  eden space 20992K, 100% used [0x00000000d5580000,0x00000000d6a00000,0x00000000d6a00000)
  from space 4096K, 99% used [0x00000000d6a00000,0x00000000d6dfd488,0x00000000d6e00000)
  to   space 4608K, 0% used [0x00000000d6e80000,0x00000000d6e80000,0x00000000d7300000)
 ParOldGen       total 1179136K, used 1178655K [0x0000000080000000, 0x00000000c7f80000, 0x00000000d5580000)
  object space 1179136K, 99% used [0x0000000080000000,0x00000000c7f07e18,0x00000000c7f80000)
 Metaspace       used 106092K, committed 107840K, reserved 1179648K
  class space    used 10590K, committed 11392K, reserved 1048576K
}
Event: 344812.189 GC heap after
{Heap after GC invocations=5269 (full 11):
 PSYoungGen      total 24064K, used 4585K [0x00000000d5580000, 0x00000000d7600000, 0x0000000100000000)
  eden space 19456K, 0% used [0x00000000d5580000,0x00000000d5580000,0x00000000d6880000)
  from space 4608K, 99% used [0x00000000d6e80000,0x00000000d72fa7a8,0x00000000d7300000)
  to   space 6144K, 0% used [0x00000000d6880000,0x00000000d6880000,0x00000000d6e80000)
 ParOldGen       total 1180160K, used 1179731K [0x0000000080000000, 0x00000000c8080000, 0x00000000d5580000)
  object space 1180160K, 99% used [0x0000000080000000,0x00000000c8014d00,0x00000000c8080000)
 Metaspace       used 106092K, committed 107840K, reserved 1179648K
  class space    used 10590K, committed 11392K, reserved 1048576K
}
Event: 344812.384 GC heap before
{Heap before GC invocations=5270 (full 11):
 PSYoungGen      total 24064K, used 24041K [0x00000000d5580000, 0x00000000d7600000, 0x0000000100000000)
  eden space 19456K, 100% used [0x00000000d5580000,0x00000000d6880000,0x00000000d6880000)
  from space 4608K, 99% used [0x00000000d6e80000,0x00000000d72fa7a8,0x00000000d7300000)
  to   space 6144K, 0% used [0x00000000d6880000,0x00000000d6880000,0x00000000d6e80000)
 ParOldGen       total 1180160K, used 1179731K [0x0000000080000000, 0x00000000c8080000, 0x00000000d5580000)
  object space 1180160K, 99% used [0x0000000080000000,0x00000000c8014d00,0x00000000c8080000)
 Metaspace       used 106092K, committed 107840K, reserved 1179648K
  class space    used 10590K, committed 11392K, reserved 1048576K
}
Event: 344812.396 GC heap after
{Heap after GC invocations=5270 (full 11):
 PSYoungGen      total 25088K, used 5430K [0x00000000d5580000, 0x00000000d7380000, 0x0000000100000000)
  eden space 19456K, 0% used [0x00000000d5580000,0x00000000d5580000,0x00000000d6880000)
  from space 5632K, 96% used [0x00000000d6880000,0x00000000d6dcda30,0x00000000d6e00000)
  to   space 5632K, 0% used [0x00000000d6e00000,0x00000000d6e00000,0x00000000d7380000)
 ParOldGen       total 1181696K, used 1181270K [0x0000000080000000, 0x00000000c8200000, 0x00000000d5580000)
  object space 1181696K, 99% used [0x0000000080000000,0x00000000c8195840,0x00000000c8200000)
 Metaspace       used 106092K, committed 107840K, reserved 1179648K
  class space    used 10590K, committed 11392K, reserved 1048576K
}
Event: 344812.521 GC heap before
{Heap before GC invocations=5271 (full 11):
 PSYoungGen      total 25088K, used 24886K [0x00000000d5580000, 0x00000000d7380000, 0x0000000100000000)
  eden space 19456K, 100% used [0x00000000d5580000,0x00000000d6880000,0x00000000d6880000)
  from space 5632K, 96% used [0x00000000d6880000,0x00000000d6dcda30,0x00000000d6e00000)
  to   space 5632K, 0% used [0x00000000d6e00000,0x00000000d6e00000,0x00000000d7380000)
 ParOldGen       total 1181696K, used 1181270K [0x0000000080000000, 0x00000000c8200000, 0x00000000d5580000)
  object space 1181696K, 99% used [0x0000000080000000,0x00000000c8195840,0x00000000c8200000)
 Metaspace       used 106092K, committed 107840K, reserved 1179648K
  class space    used 10590K, committed 11392K, reserved 1048576K
}
Event: 344812.536 GC heap after
{Heap after GC invocations=5271 (full 11):
 PSYoungGen      total 25088K, used 5071K [0x00000000d5580000, 0x00000000d7380000, 0x0000000100000000)
  eden space 19456K, 0% used [0x00000000d5580000,0x00000000d5580000,0x00000000d6880000)
  from space 5632K, 90% used [0x00000000d6e00000,0x00000000d72f3c28,0x00000000d7380000)
  to   space 5632K, 0% used [0x00000000d6880000,0x00000000d6880000,0x00000000d6e00000)
 ParOldGen       total 1181696K, used 1181270K [0x0000000080000000, 0x00000000c8200000, 0x00000000d5580000)
  object space 1181696K, 99% used [0x0000000080000000,0x00000000c8195840,0x00000000c8200000)
 Metaspace       used 106092K, committed 107840K, reserved 1179648K
  class space    used 10590K, committed 11392K, reserved 1048576K
}
Event: 344894.773 GC heap before
{Heap before GC invocations=5272 (full 11):
 PSYoungGen      total 25088K, used 24527K [0x00000000d5580000, 0x00000000d7380000, 0x0000000100000000)
  eden space 19456K, 100% used [0x00000000d5580000,0x00000000d6880000,0x00000000d6880000)
  from space 5632K, 90% used [0x00000000d6e00000,0x00000000d72f3c28,0x00000000d7380000)
  to   space 5632K, 0% used [0x00000000d6880000,0x00000000d6880000,0x00000000d6e00000)
 ParOldGen       total 1181696K, used 1181270K [0x0000000080000000, 0x00000000c8200000, 0x00000000d5580000)
  object space 1181696K, 99% used [0x0000000080000000,0x00000000c8195840,0x00000000c8200000)
 Metaspace       used 106102K, committed 107840K, reserved 1179648K
  class space    used 10591K, committed 11392K, reserved 1048576K
}
Event: 344895.158 GC heap after
{Heap after GC invocations=5272 (full 11):
 PSYoungGen      total 24064K, used 4423K [0x00000000d5580000, 0x00000000d7280000, 0x0000000100000000)
  eden space 19456K, 0% used [0x00000000d5580000,0x00000000d5580000,0x00000000d6880000)
  from space 4608K, 96% used [0x00000000d6880000,0x00000000d6cd1f30,0x00000000d6d00000)
  to   space 5120K, 0% used [0x00000000d6d80000,0x00000000d6d80000,0x00000000d7280000)
 ParOldGen       total 1181696K, used 1181270K [0x0000000080000000, 0x00000000c8200000, 0x00000000d5580000)
  object space 1181696K, 99% used [0x0000000080000000,0x00000000c8195840,0x00000000c8200000)
 Metaspace       used 106102K, committed 107840K, reserved 1179648K
  class space    used 10591K, committed 11392K, reserved 1048576K
}

