# JRE version: OpenJDK Runtime Environment Temurin-21.0.9+10 (21.0.9+10) (build 21.0.9+10-LTS)
# Java VM: OpenJDK 64-Bit Server VM Temurin-21.0.9+10 (21.0.9+10-LTS, mixed mode, sharing, tiered, compressed oops, compressed class ptrs, parallel gc, windows-amd64)
GC Precious Log:
 CardTable entry size: 512
 CPUs: 8 total, 8 available
 Memory: 3899M
 Large Page Support: Disabled
 NUMA Support: Disabled
 Compressed Oops: Enabled (32-bit)
 Alignments: Space 512K, Generation 512K, Heap 2M
 Heap Min Capacity: 100M
 Heap Initial Capacity: 100M
 Heap Max Capacity: 2G
 Pre-touch: Disabled
 Parallel Workers: 8
Heap:
 PSYoungGen      total 10752K, used 10045K [0x00000000d5580000, 0x00000000d6300000, 0x0000000100000000)
  eden space 8704K, 92% used [0x00000000d5580000,0x00000000d5d54400,0x00000000d5e00000)
  from space 2048K, 99% used [0x00000000d5e00000,0x00000000d5ffb010,0x00000000d6000000)
  to   space 2560K, 0% used [0x00000000d6080000,0x00000000d6080000,0x00000000d6300000)
 ParOldGen       total 897024K, used 270102K [0x0000000080000000, 0x00000000b6c00000, 0x00000000d5580000)
  object space 897024K, 30% used [0x0000000080000000,0x00000000907c5a48,0x00000000b6c00000)
 Metaspace       used 91889K, committed 93568K, reserved 1179648K
  class space    used 9563K, committed 10304K, reserved 1048576K
GC Heap History (20 events):
Event: 12548.287 GC heap before
{Heap before GC invocations=1370 (full 4):
 PSYoungGen      total 5632K, used 3066K [0x00000000d5580000, 0x00000000d5c80000, 0x0000000100000000)
  eden space 2560K, 100% used [0x00000000d5580000,0x00000000d5800000,0x00000000d5800000)
  from space 3072K, 16% used [0x00000000d5800000,0x00000000d587e900,0x00000000d5b00000)
  to   space 1536K, 0% used [0x00000000d5b00000,0x00000000d5b00000,0x00000000d5c80000)
 ParOldGen       total 897024K, used 264661K [0x0000000080000000, 0x00000000b6c00000, 0x00000000d5580000)
  object space 897024K, 29% used [0x0000000080000000,0x0000000090275738,0x00000000b6c00000)
 Metaspace       used 91787K, committed 93440K, reserved 1179648K
  class space    used 9556K, committed 10240K, reserved 1048576K
}
Event: 12548.291 GC heap after
{Heap after GC invocations=1370 (full 4):
 PSYoungGen      total 3584K, used 484K [0x00000000d5580000, 0x00000000d5b80000, 0x0000000100000000)
  eden space 3072K, 0% used [0x00000000d5580000,0x00000000d5580000,0x00000000d5880000)
  from space 512K, 94% used [0x00000000d5b00000,0x00000000d5b79210,0x00000000d5b80000)
  to   space 1024K, 0% used [0x00000000d5980000,0x00000000d5980000,0x00000000d5a80000)
 ParOldGen       total 897024K, used 264778K [0x0000000080000000, 0x00000000b6c00000, 0x00000000d5580000)
  object space 897024K, 29% used [0x0000000080000000,0x0000000090292938,0x00000000b6c00000)
 Metaspace       used 91787K, committed 93440K, reserved 1179648K
  class space    used 9556K, committed 10240K, reserved 1048576K
}
Event: 12551.401 GC heap before
{Heap before GC invocations=1371 (full 4):
 PSYoungGen      total 3584K, used 3556K [0x00000000d5580000, 0x00000000d5b80000, 0x0000000100000000)
  eden space 3072K, 100% used [0x00000000d5580000,0x00000000d5880000,0x00000000d5880000)
  from space 512K, 94% used [0x00000000d5b00000,0x00000000d5b79210,0x00000000d5b80000)
  to   space 1024K, 0% used [0x00000000d5980000,0x00000000d5980000,0x00000000d5a80000)
 ParOldGen       total 897024K, used 264778K [0x0000000080000000, 0x00000000b6c00000, 0x00000000d5580000)
  object space 897024K, 29% used [0x0000000080000000,0x0000000090292938,0x00000000b6c00000)
 Metaspace       used 91793K, committed 93440K, reserved 1179648K
  class space    used 9556K, committed 10240K, reserved 1048576K
}
Event: 12551.418 GC heap after
{Heap after GC invocations=1371 (full 4):
 PSYoungGen      total 5120K, used 224K [0x00000000d5580000, 0x00000000d5b80000, 0x0000000100000000)
  eden space 4096K, 0% used [0x00000000d5580000,0x00000000d5580000,0x00000000d5980000)
  from space 1024K, 21% used [0x00000000d5980000,0x00000000d59b8000,0x00000000d5a80000)
  to   space 512K, 0% used [0x00000000d5b00000,0x00000000d5b00000,0x00000000d5b80000)
 ParOldGen       total 897024K, used 264834K [0x0000000080000000, 0x00000000b6c00000, 0x00000000d5580000)
  object space 897024K, 29% used [0x0000000080000000,0x00000000902a0938,0x00000000b6c00000)
 Metaspace       used 91793K, committed 93440K, reserved 1179648K
  class space    used 9556K, committed 10240K, reserved 1048576K
}
Event: 12551.835 GC heap before
{Heap before GC invocations=1372 (full 4):
 PSYoungGen      total 5120K, used 4319K [0x00000000d5580000, 0x00000000d5b80000, 0x0000000100000000)
  eden space 4096K, 99% used [0x00000000d5580000,0x00000000d597fff8,0x00000000d5980000)
  from space 1024K, 21% used [0x00000000d5980000,0x00000000d59b8000,0x00000000d5a80000)
  to   space 512K, 0% used [0x00000000d5b00000,0x00000000d5b00000,0x00000000d5b80000)
 ParOldGen       total 897024K, used 264834K [0x0000000080000000, 0x00000000b6c00000, 0x00000000d5580000)
  object space 897024K, 29% used [0x0000000080000000,0x00000000902a0938,0x00000000b6c00000)
 Metaspace       used 91807K, committed 93440K, reserved 1179648K
  class space    used 9556K, committed 10240K, reserved 1048576K
}
Event: 12551.855 GC heap after
{Heap after GC invocations=1372 (full 4):
 PSYoungGen      total 4608K, used 500K [0x00000000d5580000, 0x00000000d5b80000, 0x0000000100000000)
  eden space 4096K, 0% used [0x00000000d5580000,0x00000000d5580000,0x00000000d5980000)
  from space 512K, 97% used [0x00000000d5b00000,0x00000000d5b7d200,0x00000000d5b80000)
  to   space 1024K, 0% used [0x00000000d5980000,0x00000000d5980000,0x00000000d5a80000)
 ParOldGen       total 897024K, used 264890K [0x0000000080000000, 0x00000000b6c00000, 0x00000000d5580000)
  object space 897024K, 29% used [0x0000000080000000,0x00000000902ae938,0x00000000b6c00000)
 Metaspace       used 91807K, committed 93440K, reserved 1179648K
  class space    used 9556K, committed 10240K, reserved 1048576K
}
Event: 12552.307 GC heap before
{Heap before GC invocations=1373 (full 4):
 PSYoungGen      total 4608K, used 4596K [0x00000000d5580000, 0x00000000d5b80000, 0x0000000100000000)
  eden space 4096K, 100% used [0x00000000d5580000,0x00000000d5980000,0x00000000d5980000)
  from space 512K, 97% used [0x00000000d5b00000,0x00000000d5b7d200,0x00000000d5b80000)
  to   space 1024K, 0% used [0x00000000d5980000,0x00000000d5980000,0x00000000d5a80000)
 ParOldGen       total 897024K, used 264890K [0x0000000080000000, 0x00000000b6c00000, 0x00000000d5580000)
  object space 897024K, 29% used [0x0000000080000000,0x00000000902ae938,0x00000000b6c00000)
 Metaspace       used 91823K, committed 93568K, reserved 1179648K
  class space    used 9561K, committed 10304K, reserved 1048576K
}
Event: 12552.329 GC heap after
{Heap after GC invocations=1373 (full 4):
 PSYoungGen      total 5120K, used 992K [0x00000000d5580000, 0x00000000d5c80000, 0x0000000100000000)
  eden space 4096K, 0% used [0x00000000d5580000,0x00000000d5580000,0x00000000d5980000)
  from space 1024K, 96% used [0x00000000d5980000,0x00000000d5a78000,0x00000000d5a80000)
  to   space 1536K, 0% used [0x00000000d5b00000,0x00000000d5b00000,0x00000000d5c80000)
 ParOldGen       total 897024K, used 265279K [0x0000000080000000, 0x00000000b6c00000, 0x00000000d5580000)
  object space 897024K, 29% used [0x0000000080000000,0x000000009030ff08,0x00000000b6c00000)
 Metaspace       used 91823K, committed 93568K, reserved 1179648K
  class space    used 9561K, committed 10304K, reserved 1048576K
}
Event: 12552.376 GC heap before
{Heap before GC invocations=1374 (full 4):
 PSYoungGen      total 5120K, used 5088K [0x00000000d5580000, 0x00000000d5c80000, 0x0000000100000000)
  eden space 4096K, 100% used [0x00000000d5580000,0x00000000d5980000,0x00000000d5980000)
  from space 1024K, 96% used [0x00000000d5980000,0x00000000d5a78000,0x00000000d5a80000)
  to   space 1536K, 0% used [0x00000000d5b00000,0x00000000d5b00000,0x00000000d5c80000)
 ParOldGen       total 897024K, used 265279K [0x0000000080000000, 0x00000000b6c00000, 0x00000000d5580000)
  object space 897024K, 29% used [0x0000000080000000,0x000000009030ff08,0x00000000b6c00000)
 Metaspace       used 91823K, committed 93568K, reserved 1179648K
  class space    used 9561K, committed 10304K, reserved 1048576K
}
Event: 12552.412 GC heap after
{Heap after GC invocations=1374 (full 4):
 PSYoungGen      total 6144K, used 830K [0x00000000d5580000, 0x00000000d5c80000, 0x0000000100000000)
  eden space 4608K, 0% used [0x00000000d5580000,0x00000000d5580000,0x00000000d5a00000)
  from space 1536K, 54% used [0x00000000d5b00000,0x00000000d5bcfb10,0x00000000d5c80000)
  to   space 1024K, 0% used [0x00000000d5a00000,0x00000000d5a00000,0x00000000d5b00000)
 ParOldGen       total 897024K, used 266133K [0x0000000080000000, 0x00000000b6c00000, 0x00000000d5580000)
  object space 897024K, 29% used [0x0000000080000000,0x00000000903e54d0,0x00000000b6c00000)
 Metaspace       used 91823K, committed 93568K, reserved 1179648K
  class space    used 9561K, committed 10304K, reserved 1048576K
}
Event: 12552.465 GC heap before
{Heap before GC invocations=1375 (full 4):
 PSYoungGen      total 6144K, used 5438K [0x00000000d5580000, 0x00000000d5c80000, 0x0000000100000000)
  eden space 4608K, 99% used [0x00000000d5580000,0x00000000d59ffff8,0x00000000d5a00000)
  from space 1536K, 54% used [0x00000000d5b00000,0x00000000d5bcfb10,0x00000000d5c80000)
  to   space 1024K, 0% used [0x00000000d5a00000,0x00000000d5a00000,0x00000000d5b00000)
 ParOldGen       total 897024K, used 266133K [0x0000000080000000, 0x00000000b6c00000, 0x00000000d5580000)
  object space 897024K, 29% used [0x0000000080000000,0x00000000903e54d0,0x00000000b6c00000)
 Metaspace       used 91824K, committed 93568K, reserved 1179648K
  class space    used 9561K, committed 10304K, reserved 1048576K
}
Event: 12552.485 GC heap after
{Heap after GC invocations=1375 (full 4):
 PSYoungGen      total 5632K, used 1024K [0x00000000d5580000, 0x00000000d5f00000, 0x0000000100000000)
  eden space 4608K, 0% used [0x00000000d5580000,0x00000000d5580000,0x00000000d5a00000)
  from space 1024K, 100% used [0x00000000d5a00000,0x00000000d5b00000,0x00000000d5b00000)
  to   space 2048K, 0% used [0x00000000d5d00000,0x00000000d5d00000,0x00000000d5f00000)
 ParOldGen       total 897024K, used 266790K [0x0000000080000000, 0x00000000b6c00000, 0x00000000d5580000)
  object space 897024K, 29% used [0x0000000080000000,0x00000000904898e0,0x00000000b6c00000)
 Metaspace       used 91824K, committed 93568K, reserved 1179648K
  class space    used 9561K, committed 10304K, reserved 1048576K
}
Event: 12552.543 GC heap before
{Heap before GC invocations=1376 (full 4):
 PSYoungGen      total 5632K, used 5632K [0x00000000d5580000, 0x00000000d5f00000, 0x0000000100000000)
  eden space 4608K, 100% used [0x00000000d5580000,0x00000000d5a00000,0x00000000d5a00000)
  from space 1024K, 100% used [0x00000000d5a00000,0x00000000d5b00000,0x00000000d5b00000)
  to   space 2048K, 0% used [0x00000000d5d00000,0x00000000d5d00000,0x00000000d5f00000)
 ParOldGen       total 897024K, used 266790K [0x0000000080000000, 0x00000000b6c00000, 0x00000000d5580000)
  object space 897024K, 29% used [0x0000000080000000,0x00000000904898e0,0x00000000b6c00000)
 Metaspace       used 91824K, committed 93568K, reserved 1179648K
  class space    used 9561K, committed 10304K, reserved 1048576K
}
Event: 12552.579 GC heap after
{Heap after GC invocations=1376 (full 4):
 PSYoungGen      total 6656K, used 916K [0x00000000d5580000, 0x00000000d5e00000, 0x0000000100000000)
  eden space 5632K, 0% used [0x00000000d5580000,0x00000000d5580000,0x00000000d5b00000)
  from space 1024K, 89% used [0x00000000d5d00000,0x00000000d5de5200,0x00000000d5e00000)
  to   space 1536K, 0% used [0x00000000d5b00000,0x00000000d5b00000,0x00000000d5c80000)
 ParOldGen       total 897024K, used 267808K [0x0000000080000000, 0x00000000b6c00000, 0x00000000d5580000)
  object space 897024K, 29% used [0x0000000080000000,0x0000000090588240,0x00000000b6c00000)
 Metaspace       used 91824K, committed 93568K, reserved 1179648K
  class space    used 9561K, committed 10304K, reserved 1048576K
}
Event: 12552.678 GC heap before
{Heap before GC invocations=1377 (full 4):
 PSYoungGen      total 6656K, used 6548K [0x00000000d5580000, 0x00000000d5e00000, 0x0000000100000000)
  eden space 5632K, 100% used [0x00000000d5580000,0x00000000d5b00000,0x00000000d5b00000)
  from space 1024K, 89% used [0x00000000d5d00000,0x00000000d5de5200,0x00000000d5e00000)
  to   space 1536K, 0% used [0x00000000d5b00000,0x00000000d5b00000,0x00000000d5c80000)
 ParOldGen       total 897024K, used 267808K [0x0000000080000000, 0x00000000b6c00000, 0x00000000d5580000)
  object space 897024K, 29% used [0x0000000080000000,0x0000000090588240,0x00000000b6c00000)
 Metaspace       used 91840K, committed 93568K, reserved 1179648K
  class space    used 9561K, committed 10304K, reserved 1048576K
}
Event: 12552.774 GC heap after
{Heap after GC invocations=1377 (full 4):
 PSYoungGen      total 7168K, used 1510K [0x00000000d5580000, 0x00000000d6480000, 0x0000000100000000)
  eden space 5632K, 0% used [0x00000000d5580000,0x00000000d5580000,0x00000000d5b00000)
  from space 1536K, 98% used [0x00000000d5b00000,0x00000000d5c79808,0x00000000d5c80000)
  to   space 4096K, 0% used [0x00000000d6080000,0x00000000d6080000,0x00000000d6480000)
 ParOldGen       total 897024K, used 269902K [0x0000000080000000, 0x00000000b6c00000, 0x00000000d5580000)
  object space 897024K, 30% used [0x0000000080000000,0x0000000090793a48,0x00000000b6c00000)
 Metaspace       used 91840K, committed 93568K, reserved 1179648K
  class space    used 9561K, committed 10304K, reserved 1048576K
}
Event: 12552.912 GC heap before
{Heap before GC invocations=1378 (full 4):
 PSYoungGen      total 7168K, used 7142K [0x00000000d5580000, 0x00000000d6480000, 0x0000000100000000)
  eden space 5632K, 99% used [0x00000000d5580000,0x00000000d5affff8,0x00000000d5b00000)
  from space 1536K, 98% used [0x00000000d5b00000,0x00000000d5c79808,0x00000000d5c80000)
  to   space 4096K, 0% used [0x00000000d6080000,0x00000000d6080000,0x00000000d6480000)
 ParOldGen       total 897024K, used 269902K [0x0000000080000000, 0x00000000b6c00000, 0x00000000d5580000)
  object space 897024K, 30% used [0x0000000080000000,0x0000000090793a48,0x00000000b6c00000)
 Metaspace       used 91847K, committed 93568K, reserved 1179648K
  class space    used 9561K, committed 10304K, reserved 1048576K
}
Event: 12552.920 GC heap after
{Heap after GC invocations=1378 (full 4):
 PSYoungGen      total 8704K, used 1044K [0x00000000d5580000, 0x00000000d6200000, 0x0000000100000000)
  eden space 7168K, 0% used [0x00000000d5580000,0x00000000d5580000,0x00000000d5c80000)
  from space 1536K, 68% used [0x00000000d6080000,0x00000000d6185200,0x00000000d6200000)
  to   space 2048K, 0% used [0x00000000d5e00000,0x00000000d5e00000,0x00000000d6000000)
 ParOldGen       total 897024K, used 269950K [0x0000000080000000, 0x00000000b6c00000, 0x00000000d5580000)
  object space 897024K, 30% used [0x0000000080000000,0x000000009079fa48,0x00000000b6c00000)
 Metaspace       used 91847K, committed 93568K, reserved 1179648K
  class space    used 9561K, committed 10304K, reserved 1048576K
}
Event: 12552.990 GC heap before
{Heap before GC invocations=1379 (full 4):
 PSYoungGen      total 8704K, used 8212K [0x00000000d5580000, 0x00000000d6200000, 0x0000000100000000)
  eden space 7168K, 100% used [0x00000000d5580000,0x00000000d5c80000,0x00000000d5c80000)
  from space 1536K, 68% used [0x00000000d6080000,0x00000000d6185200,0x00000000d6200000)
  to   space 2048K, 0% used [0x00000000d5e00000,0x00000000d5e00000,0x00000000d6000000)
 ParOldGen       total 897024K, used 269950K [0x0000000080000000, 0x00000000b6c00000, 0x00000000d5580000)
  object space 897024K, 30% used [0x0000000080000000,0x000000009079fa48,0x00000000b6c00000)
 Metaspace       used 91858K, committed 93568K, reserved 1179648K
  class space    used 9563K, committed 10304K, reserved 1048576K
}
Event: 12553.002 GC heap after
{Heap after GC invocations=1379 (full 4):
 PSYoungGen      total 10752K, used 2028K [0x00000000d5580000, 0x00000000d6300000, 0x0000000100000000)
  eden space 8704K, 0% used [0x00000000d5580000,0x00000000d5580000,0x00000000d5e00000)
  from space 2048K, 99% used [0x00000000d5e00000,0x00000000d5ffb010,0x00000000d6000000)
  to   space 2560K, 0% used [0x00000000d6080000,0x00000000d6080000,0x00000000d6300000)
 ParOldGen       total 897024K, used 270102K [0x0000000080000000, 0x00000000b6c00000, 0x00000000d5580000)
  object space 897024K, 30% used [0x0000000080000000,0x00000000907c5a48,0x00000000b6c00000)
 Metaspace       used 91858K, committed 93568K, reserved 1179648K
  class space    used 9563K, committed 10304K, reserved 1048576K
}

